<?xml version="1.0" encoding="UTF-8"?>
<testsuite xmlns:xsi="http://www.w3.org/2001/XMLSchema-instance" xsi:noNamespaceSchemaLocation="https://maven.apache.org/surefire/maven-surefire-plugin/xsd/surefire-test-report-3.0.xsd" version="3.0" name="TestSuite" time="18.525" tests="6" errors="0" skipped="0" failures="1">
  <properties>
[...]
</properties>
  <testcase name="tc_1CreateUserAndAssertCreated" classname="PetstoreTests" time="7.139">
    <system-out><![CDATA[test started : tc_1CreateUserAndAssertCreated
{"code":200,"type":"unknown","message":"9223372036854775807"}
{"id":9223372000666137094,"username":"ahmedagamy","firstName":"mahmoud","lastName":"agamy","email":"test@test.com","password":"12345678","phone":"01153535353","userStatus":0}
test is sucessful : tc_1CreateUserAndAssertCreated
]]></system-out>
  </testcase>
  <testcase name="tc_2getUserInTheSystem" classname="PetstoreTests" time="0.996">
    <system-out><![CDATA[test started : tc_2getUserInTheSystem
{"id":9223372000666138038,"username":"ggo","firstName":"ali","lastName":"zaki","email":"alizaki@test.com","password":"12345678","phone":"01121626561","userStatus":0}
test is sucessful : tc_2getUserInTheSystem
]]></system-out>
  </testcase>
  <testcase name="tc_3loginWithValidData" classname="PetstoreTests" time="0.874">
    <system-out><![CDATA[test started : tc_3loginWithValidData
{"code":200,"type":"unknown","message":"logged in user session:1633446835432"}
test is sucessful : tc_3loginWithValidData
]]></system-out>
  </testcase>
  <testcase name="tc_4LogoutAfterLogin" classname="PetstoreTests" time="1.77">
    <system-out><![CDATA[test started : tc_4LogoutAfterLogin
{"code":200,"type":"unknown","message":"logged in user session:1633446836329"}
{"code":200,"type":"unknown","message":"ok"}
test is sucessful : tc_4LogoutAfterLogin
]]></system-out>
  </testcase>
  <testcase name="tc_5UpdateUserPhoneAndAssertUpdated" classname="PetstoreTests" time="1.756">
    <system-out><![CDATA[test started : tc_5UpdateUserPhoneAndAssertUpdated
{"code":200,"type":"unknown","message":"5005599988"}
{"id":5005599988,"username":"ggo","firstName":"ali","lastName":"zaki","email":"alizaki@test.com","password":"12345678","phone":"01121626561","userStatus":0}
test is sucessful : tc_5UpdateUserPhoneAndAssertUpdated
]]></system-out>
  </testcase>
  <testcase name="tc_6DeleteCreatedUser" classname="PetstoreTests" time="2.658">
    <failure message="expected [200] but found [404]" type="java.lang.AssertionError"><![CDATA[java.lang.AssertionError: expected [200] but found [404]
	at PetstoreTests.tc_6DeleteCreatedUser(PetstoreTests.java:175)
]]></failure>
    <system-out><![CDATA[test started : tc_6DeleteCreatedUser
{"code":200,"type":"unknown","message":"9223372036854775807"}
{"id":9223372036854775807,"username":"ahmedagamy","firstName":"Ali","lastName":"Emad","email":"test@gmail.com","password":"12345678","phone":"01121626561","userStatus":0}
PetstoreTests
test is failed : tc_6DeleteCreatedUser
]]></system-out>
  </testcase>
</testsuite>