-------------------------------------------------------------------------------
Test set: TestSuite
-------------------------------------------------------------------------------
Tests run: 6, Failures: 1, Errors: 0, Skipped: 0, Time elapsed: 18.525 s <<< FAILURE! - in TestSuite
PetstoreTests.tc_6DeleteCreatedUser  Time elapsed: 2.658 s  <<< FAILURE!
java.lang.AssertionError: expected [200] but found [404]
	at PetstoreTests.tc_6DeleteCreatedUser(PetstoreTests.java:175)

